# JRE version: OpenJDK Runtime Environment (7.0_79-b14) (build 1.7.0_79-b14)
# Java VM: OpenJDK Server VM (24.79-b02 mixed mode linux-x86 )
Heap
 PSYoungGen      total 167936K, used 34310K [0xa8840000, 0xb3240000, 0xb3300000)
  eden space 161792K, 20% used [0xa8840000,0xaa92aa88,0xb2640000)
  from space 6144K, 9% used [0xb2c40000,0xb2cd7008,0xb3240000)
  to   space 6144K, 0% used [0xb2640000,0xb2640000,0xb2c40000)
 ParOldGen       total 87808K, used 40823K [0x93300000, 0x988c0000, 0xa8840000)
  object space 87808K, 46% used [0x93300000,0x95addff0,0x988c0000)
 PSPermGen       total 28928K, used 17010K [0x8b300000, 0x8cf40000, 0x93300000)
  object space 28928K, 58% used [0x8b300000,0x8c39cae8,0x8cf40000)
GC Heap History (10 events):
Event: 578.675 GC heap before
{Heap before GC invocations=71 (full 7):
 PSYoungGen      total 167168K, used 952K [0xa8840000, 0xb3280000, 0xb3300000)
  eden space 160512K, 0% used [0xa8840000,0xa8840000,0xb2500000)
  from space 6656K, 14% used [0xb2c00000,0xb2cee2d8,0xb3280000)
  to   space 6912K, 0% used [0xb2500000,0xb2500000,0xb2bc0000)
 ParOldGen       total 87808K, used 75041K [0x93300000, 0x988c0000, 0xa8840000)
  object space 87808K, 85% used [0x93300000,0x97c486a8,0x988c0000)
 PSPermGen       total 30208K, used 16996K [0x8b300000, 0x8d080000, 0x93300000)
  object space 30208K, 56% used [0x8b300000,0x8c3990b8,0x8d080000)
Event: 578.796 GC heap after
Heap after GC invocations=71 (full 7):
 PSYoungGen      total 167168K, used 0K [0xa8840000, 0xb3280000, 0xb3300000)
  eden space 160512K, 0% used [0xa8840000,0xa8840000,0xb2500000)
  from space 6656K, 0% used [0xb2c00000,0xb2c00000,0xb3280000)
  to   space 6912K, 0% used [0xb2500000,0xb2500000,0xb2bc0000)
 ParOldGen       total 87808K, used 40267K [0x93300000, 0x988c0000, 0xa8840000)
  object space 87808K, 45% used [0x93300000,0x95a52e38,0x988c0000)
 PSPermGen       total 28928K, used 16996K [0x8b300000, 0x8cf40000, 0x93300000)
  object space 28928K, 58% used [0x8b300000,0x8c399018,0x8cf40000)
}
Event: 580.714 GC heap before
{Heap before GC invocations=72 (full 7):
 PSYoungGen      total 167168K, used 160512K [0xa8840000, 0xb3280000, 0xb3300000)
  eden space 160512K, 100% used [0xa8840000,0xb2500000,0xb2500000)
  from space 6656K, 0% used [0xb2c00000,0xb2c00000,0xb3280000)
  to   space 6912K, 0% used [0xb2500000,0xb2500000,0xb2bc0000)
 ParOldGen       total 87808K, used 40267K [0x93300000, 0x988c0000, 0xa8840000)
  object space 87808K, 45% used [0x93300000,0x95a52e38,0x988c0000)
 PSPermGen       total 28928K, used 16999K [0x8b300000, 0x8cf40000, 0x93300000)
  object space 28928K, 58% used [0x8b300000,0x8c399e68,0x8cf40000)
Event: 580.715 GC heap after
Heap after GC invocations=72 (full 7):
 PSYoungGen      total 167424K, used 521K [0xa8840000, 0xb32c0000, 0xb3300000)
  eden space 160512K, 0% used [0xa8840000,0xa8840000,0xb2500000)
  from space 6912K, 7% used [0xb2500000,0xb2582408,0xb2bc0000)
  to   space 6656K, 0% used [0xb2c40000,0xb2c40000,0xb32c0000)
 ParOldGen       total 87808K, used 40267K [0x93300000, 0x988c0000, 0xa8840000)
  object space 87808K, 45% used [0x93300000,0x95a52e38,0x988c0000)
 PSPermGen       total 28928K, used 16999K [0x8b300000, 0x8cf40000, 0x93300000)
  object space 28928K, 58% used [0x8b300000,0x8c399e68,0x8cf40000)
}
Event: 580.940 GC heap before
{Heap before GC invocations=73 (full 7):
 PSYoungGen      total 167424K, used 161033K [0xa8840000, 0xb32c0000, 0xb3300000)
  eden space 160512K, 100% used [0xa8840000,0xb2500000,0xb2500000)
  from space 6912K, 7% used [0xb2500000,0xb2582408,0xb2bc0000)
  to   space 6656K, 0% used [0xb2c40000,0xb2c40000,0xb32c0000)
 ParOldGen       total 87808K, used 40267K [0x93300000, 0x988c0000, 0xa8840000)
  object space 87808K, 45% used [0x93300000,0x95a52e38,0x988c0000)
 PSPermGen       total 28928K, used 17001K [0x8b300000, 0x8cf40000, 0x93300000)
  object space 28928K, 58% used [0x8b300000,0x8c39a5f0,0x8cf40000)
Event: 580.942 GC heap after
Heap after GC invocations=73 (full 7):
 PSYoungGen      total 167936K, used 113K [0xa8840000, 0xb32c0000, 0xb3300000)
  eden space 161280K, 0% used [0xa8840000,0xa8840000,0xb25c0000)
  from space 6656K, 1% used [0xb2c40000,0xb2c5c598,0xb32c0000)
  to   space 6656K, 0% used [0xb25c0000,0xb25c0000,0xb2c40000)
 ParOldGen       total 87808K, used 40758K [0x93300000, 0x988c0000, 0xa8840000)
  object space 87808K, 46% used [0x93300000,0x95acda58,0x988c0000)
 PSPermGen       total 28928K, used 17001K [0x8b300000, 0x8cf40000, 0x93300000)
  object space 28928K, 58% used [0x8b300000,0x8c39a5f0,0x8cf40000)
}
Event: 581.751 GC heap before
{Heap before GC invocations=74 (full 7):
 PSYoungGen      total 167936K, used 161393K [0xa8840000, 0xb32c0000, 0xb3300000)
  eden space 161280K, 100% used [0xa8840000,0xb25c0000,0xb25c0000)
  from space 6656K, 1% used [0xb2c40000,0xb2c5c598,0xb32c0000)
  to   space 6656K, 0% used [0xb25c0000,0xb25c0000,0xb2c40000)
 ParOldGen       total 87808K, used 40758K [0x93300000, 0x988c0000, 0xa8840000)
  object space 87808K, 46% used [0x93300000,0x95acda58,0x988c0000)
 PSPermGen       total 28928K, used 17003K [0x8b300000, 0x8cf40000, 0x93300000)
  object space 28928K, 58% used [0x8b300000,0x8c39aff0,0x8cf40000)
Event: 581.752 GC heap after
Heap after GC invocations=74 (full 7):
 PSYoungGen      total 167936K, used 538K [0xa8840000, 0xb3280000, 0xb3300000)
  eden space 161280K, 0% used [0xa8840000,0xa8840000,0xb25c0000)
  from space 6656K, 8% used [0xb25c0000,0xb26469d0,0xb2c40000)
  to   space 6400K, 0% used [0xb2c40000,0xb2c40000,0xb3280000)
 ParOldGen       total 87808K, used 40823K [0x93300000, 0x988c0000, 0xa8840000)
  object space 87808K, 46% used [0x93300000,0x95addff0,0x988c0000)
 PSPermGen       total 28928K, used 17003K [0x8b300000, 0x8cf40000, 0x93300000)
  object space 28928K, 58% used [0x8b300000,0x8c39aff0,0x8cf40000)
}
Event: 581.978 GC heap before
{Heap before GC invocations=75 (full 7):
 PSYoungGen      total 167936K, used 161818K [0xa8840000, 0xb3280000, 0xb3300000)
  eden space 161280K, 100% used [0xa8840000,0xb25c0000,0xb25c0000)
  from space 6656K, 8% used [0xb25c0000,0xb26469d0,0xb2c40000)
  to   space 6400K, 0% used [0xb2c40000,0xb2c40000,0xb3280000)
 ParOldGen       total 87808K, used 40823K [0x93300000, 0x988c0000, 0xa8840000)
  object space 87808K, 46% used [0x93300000,0x95addff0,0x988c0000)
 PSPermGen       total 28928K, used 17004K [0x8b300000, 0x8cf40000, 0x93300000)
  object space 28928K, 58% used [0x8b300000,0x8c39b078,0x8cf40000)
Event: 581.979 GC heap after
Heap after GC invocations=75 (full 7):
 PSYoungGen      total 167936K, used 604K [0xa8840000, 0xb3240000, 0xb3300000)
  eden space 161792K, 0% used [0xa8840000,0xa8840000,0xb2640000)
  from space 6144K, 9% used [0xb2c40000,0xb2cd7008,0xb3240000)
  to   space 6144K, 0% used [0xb2640000,0xb2640000,0xb2c40000)
 ParOldGen       total 87808K, used 40823K [0x93300000, 0x988c0000, 0xa8840000)
  object space 87808K, 46% used [0x93300000,0x95addff0,0x988c0000)
 PSPermGen       total 28928K, used 17004K [0x8b300000, 0x8cf40000, 0x93300000)
  object space 28928K, 58% used [0x8b300000,0x8c39b078,0x8cf40000)
}

