# JRE version: OpenJDK Runtime Environment (7.0_79-b14) (build 1.7.0_79-b14)
# Java VM: OpenJDK Server VM (24.79-b02 mixed mode linux-x86 )
Heap
 PSYoungGen      total 64512K, used 52819K [0xa8780000, 0xad380000, 0xb3240000)
  eden space 64000K, 82% used [0xa8780000,0xabb10e60,0xac600000)
  from space 512K, 3% used [0xac600000,0xac604000,0xac680000)
  to   space 512K, 0% used [0xad300000,0xad300000,0xad380000)
 ParOldGen       total 43008K, used 5412K [0x93240000, 0x95c40000, 0xa8780000)
  object space 43008K, 12% used [0x93240000,0x937892e0,0x95c40000)
 PSPermGen       total 31232K, used 16055K [0x8b240000, 0x8d0c0000, 0x93240000)
  object space 31232K, 51% used [0x8b240000,0x8c1edff8,0x8d0c0000)
GC Heap History (10 events):
Event: 46.839 GC heap before
{Heap before GC invocations=74 (full 3):
 PSYoungGen      total 44544K, used 44453K [0xa8780000, 0xab340000, 0xb3240000)
  eden space 44288K, 100% used [0xa8780000,0xab2c0000,0xab2c0000)
  from space 256K, 64% used [0xab300000,0xab3295b8,0xab340000)
  to   space 256K, 0% used [0xab2c0000,0xab2c0000,0xab300000)
 ParOldGen       total 43008K, used 4810K [0x93240000, 0x95c40000, 0xa8780000)
  object space 43008K, 11% used [0x93240000,0x936f2928,0x95c40000)
 PSPermGen       total 31232K, used 14884K [0x8b240000, 0x8d0c0000, 0x93240000)
  object space 31232K, 47% used [0x8b240000,0x8c0c9160,0x8d0c0000)
Event: 46.840 GC heap after
Heap after GC invocations=74 (full 3):
 PSYoungGen      total 44544K, used 256K [0xa8780000, 0xabc80000, 0xb3240000)
  eden space 44288K, 0% used [0xa8780000,0xa8780000,0xab2c0000)
  from space 256K, 100% used [0xab2c0000,0xab300000,0xab300000)
  to   space 512K, 0% used [0xabc00000,0xabc00000,0xabc80000)
 ParOldGen       total 43008K, used 5083K [0x93240000, 0x95c40000, 0xa8780000)
  object space 43008K, 11% used [0x93240000,0x93736d00,0x95c40000)
 PSPermGen       total 31232K, used 14884K [0x8b240000, 0x8d0c0000, 0x93240000)
  object space 31232K, 47% used [0x8b240000,0x8c0c9160,0x8d0c0000)
}
Event: 46.885 GC heap before
{Heap before GC invocations=75 (full 3):
 PSYoungGen      total 44544K, used 44544K [0xa8780000, 0xabc80000, 0xb3240000)
  eden space 44288K, 100% used [0xa8780000,0xab2c0000,0xab2c0000)
  from space 256K, 100% used [0xab2c0000,0xab300000,0xab300000)
  to   space 512K, 0% used [0xabc00000,0xabc00000,0xabc80000)
 ParOldGen       total 43008K, used 5083K [0x93240000, 0x95c40000, 0xa8780000)
  object space 43008K, 11% used [0x93240000,0x93736d00,0x95c40000)
 PSPermGen       total 31232K, used 14884K [0x8b240000, 0x8d0c0000, 0x93240000)
  object space 31232K, 47% used [0x8b240000,0x8c0c92f0,0x8d0c0000)
Event: 46.886 GC heap after
Heap after GC invocations=75 (full 3):
 PSYoungGen      total 53760K, used 16K [0xa8780000, 0xabc80000, 0xb3240000)
  eden space 53248K, 0% used [0xa8780000,0xa8780000,0xabb80000)
  from space 512K, 3% used [0xabc00000,0xabc04000,0xabc80000)
  to   space 512K, 0% used [0xabb80000,0xabb80000,0xabc00000)
 ParOldGen       total 43008K, used 5340K [0x93240000, 0x95c40000, 0xa8780000)
  object space 43008K, 12% used [0x93240000,0x937770c8,0x95c40000)
 PSPermGen       total 31232K, used 14884K [0x8b240000, 0x8d0c0000, 0x93240000)
  object space 31232K, 47% used [0x8b240000,0x8c0c92f0,0x8d0c0000)
}
Event: 47.003 GC heap before
{Heap before GC invocations=76 (full 3):
 PSYoungGen      total 53760K, used 53264K [0xa8780000, 0xabc80000, 0xb3240000)
  eden space 53248K, 100% used [0xa8780000,0xabb80000,0xabb80000)
  from space 512K, 3% used [0xabc00000,0xabc04000,0xabc80000)
  to   space 512K, 0% used [0xabb80000,0xabb80000,0xabc00000)
 ParOldGen       total 43008K, used 5340K [0x93240000, 0x95c40000, 0xa8780000)
  object space 43008K, 12% used [0x93240000,0x937770c8,0x95c40000)
 PSPermGen       total 31232K, used 14884K [0x8b240000, 0x8d0c0000, 0x93240000)
  object space 31232K, 47% used [0x8b240000,0x8c0c9320,0x8d0c0000)
Event: 47.004 GC heap after
Heap after GC invocations=76 (full 3):
 PSYoungGen      total 53760K, used 68K [0xa8780000, 0xac700000, 0xb3240000)
  eden space 53248K, 0% used [0xa8780000,0xa8780000,0xabb80000)
  from space 512K, 13% used [0xabb80000,0xabb91218,0xabc00000)
  to   space 512K, 0% used [0xac680000,0xac680000,0xac700000)
 ParOldGen       total 43008K, used 5348K [0x93240000, 0x95c40000, 0xa8780000)
  object space 43008K, 12% used [0x93240000,0x937790c8,0x95c40000)
 PSPermGen       total 31232K, used 14884K [0x8b240000, 0x8d0c0000, 0x93240000)
  object space 31232K, 47% used [0x8b240000,0x8c0c9320,0x8d0c0000)
}
Event: 47.047 GC heap before
{Heap before GC invocations=77 (full 3):
 PSYoungGen      total 53760K, used 53316K [0xa8780000, 0xac700000, 0xb3240000)
  eden space 53248K, 100% used [0xa8780000,0xabb80000,0xabb80000)
  from space 512K, 13% used [0xabb80000,0xabb91218,0xabc00000)
  to   space 512K, 0% used [0xac680000,0xac680000,0xac700000)
 ParOldGen       total 43008K, used 5348K [0x93240000, 0x95c40000, 0xa8780000)
  object space 43008K, 12% used [0x93240000,0x937790c8,0x95c40000)
 PSPermGen       total 31232K, used 14884K [0x8b240000, 0x8d0c0000, 0x93240000)
  object space 31232K, 47% used [0x8b240000,0x8c0c9320,0x8d0c0000)
Event: 47.048 GC heap after
Heap after GC invocations=77 (full 3):
 PSYoungGen      total 64512K, used 16K [0xa8780000, 0xac700000, 0xb3240000)
  eden space 64000K, 0% used [0xa8780000,0xa8780000,0xac600000)
  from space 512K, 3% used [0xac680000,0xac684000,0xac700000)
  to   space 512K, 0% used [0xac600000,0xac600000,0xac680000)
 ParOldGen       total 43008K, used 5404K [0x93240000, 0x95c40000, 0xa8780000)
  object space 43008K, 12% used [0x93240000,0x937872e0,0x95c40000)
 PSPermGen       total 31232K, used 14884K [0x8b240000, 0x8d0c0000, 0x93240000)
  object space 31232K, 47% used [0x8b240000,0x8c0c9320,0x8d0c0000)
}
Event: 47.154 GC heap before
{Heap before GC invocations=78 (full 3):
 PSYoungGen      total 64512K, used 64016K [0xa8780000, 0xac700000, 0xb3240000)
  eden space 64000K, 100% used [0xa8780000,0xac600000,0xac600000)
  from space 512K, 3% used [0xac680000,0xac684000,0xac700000)
  to   space 512K, 0% used [0xac600000,0xac600000,0xac680000)
 ParOldGen       total 43008K, used 5404K [0x93240000, 0x95c40000, 0xa8780000)
  object space 43008K, 12% used [0x93240000,0x937872e0,0x95c40000)
 PSPermGen       total 31232K, used 14884K [0x8b240000, 0x8d0c0000, 0x93240000)
  object space 31232K, 47% used [0x8b240000,0x8c0c9320,0x8d0c0000)
Event: 47.155 GC heap after
Heap after GC invocations=78 (full 3):
 PSYoungGen      total 64512K, used 16K [0xa8780000, 0xad380000, 0xb3240000)
  eden space 64000K, 0% used [0xa8780000,0xa8780000,0xac600000)
  from space 512K, 3% used [0xac600000,0xac604000,0xac680000)
  to   space 512K, 0% used [0xad300000,0xad300000,0xad380000)
 ParOldGen       total 43008K, used 5412K [0x93240000, 0x95c40000, 0xa8780000)
  object space 43008K, 12% used [0x93240000,0x937892e0,0x95c40000)
 PSPermGen       total 31232K, used 14884K [0x8b240000, 0x8d0c0000, 0x93240000)
  object space 31232K, 47% used [0x8b240000,0x8c0c9320,0x8d0c0000)
}

